2025-10-27 11:10:04,315 - INFO - Starting full Data Warehouse ETL pipeline...
2025-10-27 11:10:04,331 - INFO - MySQL database connection established successfully
2025-10-27 11:10:04,331 - INFO - Starting Fitbit data extraction...
2025-10-27 11:10:04,334 - INFO - Extracted daily_activity: 457 records
2025-10-27 11:10:04,733 - INFO - Extracted heartrate: 1154681 records
2025-10-27 11:10:04,741 - INFO - Extracted hourly_calories: 24084 records
2025-10-27 11:10:04,742 - INFO - Extracted weight_log: 33 records
2025-10-27 11:10:04,806 - INFO - Extracted sleep_minutes: 198559 records
2025-10-27 11:10:04,806 - INFO - Fitbit data extraction complete.
2025-10-27 11:10:04,806 - INFO - Starting gym members data extraction...
2025-10-27 11:10:04,808 - INFO - Extracted gym members data: 973 records
2025-10-27 11:10:04,808 - INFO - Starting Mendeley health data extraction...
2025-10-27 11:10:05,580 - INFO - Extracted Mendeley health data: 14589 records
2025-10-27 11:10:05,580 - INFO - Starting nutrition data extraction...
2025-10-27 11:10:09,130 - INFO - Extracted nutrition data: 8789 records
2025-10-27 11:10:09,130 - INFO - Starting data transformation for Data Warehouse...
2025-10-27 11:10:09,130 - INFO - Creating staging data...
2025-10-27 11:10:09,130 - INFO - Creating user mapping...
2025-10-27 11:10:09,401 - INFO - Created user mapping for 3571 unique users
2025-10-27 11:10:09,406 - INFO - Staging user profiles created: 3571 records
2025-10-27 11:10:09,407 - INFO - Creating Dim_Date...
2025-10-27 11:10:09,428 - INFO - Creating Dimension tables...
2025-10-27 11:10:09,452 - INFO - Cleaning numeric nutrient columns in nutrition data...
2025-10-27 11:10:09,896 - INFO - Nutrient column cleaning complete.
2025-10-27 11:10:09,901 - INFO - Creating Bridge tables...
2025-10-27 11:10:10,053 - INFO - Creating Fact tables...
2025-10-27 11:10:12,505 - INFO - Created Fact_HealthMetric: 676 records
2025-10-27 11:10:12,505 - INFO - Created Fact_WorkoutSession: 457 records
2025-10-27 11:10:12,505 - INFO - Creating Fact_NutritionLog...
2025-10-27 11:10:12,514 - INFO - Created Fact_NutritionLog: 139 sample records
2025-10-27 11:10:12,514 - INFO - NOTE: This is sample data. In production, replace with actual meal log extraction.
2025-10-27 11:10:12,514 - INFO - Data transformation into Snowflake Schema completed.
2025-10-27 11:10:12,514 - INFO - Executing db_schema.sql to create Data Warehouse schema...
2025-10-27 11:10:12,688 - INFO - Data Warehouse schema created successfully
2025-10-27 11:10:12,688 - INFO - Loading data to Data Warehouse...
2025-10-27 11:10:12,688 - INFO - Loading Dim_Date (3653 records)...
2025-10-27 11:10:12,761 - INFO - Loading Dim_User (3571 records)...
2025-10-27 11:10:12,807 - INFO - Loading Dim_FitnessGoal (3 records)...
2025-10-27 11:10:12,809 - INFO - Loading Dim_FitnessType (6 records)...
2025-10-27 11:10:12,811 - INFO - Loading Dim_HealthCondition (2 records)...
2025-10-27 11:10:12,813 - INFO - Loading Dim_Exercise (4 records)...
2025-10-27 11:10:12,814 - INFO - Loading Dim_Diet (70 records)...
2025-10-27 11:10:12,817 - INFO - Loading Dim_FoodItem (8789 records)...
2025-10-27 11:10:13,013 - INFO - Loading Dim_MetricType (4 records)...
2025-10-27 11:10:13,015 - INFO - Loading Dim_WorkoutType (6 records)...
2025-10-27 11:10:13,017 - INFO - Loading Dim_MealType (4 records)...
2025-10-27 11:10:13,018 - INFO - Loading Bridge_User_HealthCondition (21 records)...
2025-10-27 11:10:13,021 - INFO - Loading Bridge_User_WorkoutPreference (972 records)...
2025-10-27 11:10:13,031 - INFO - Loading Bridge_User_DietPreference (31896 records)...
2025-10-27 11:10:13,364 - INFO - Loading Fact_UserSnapshot (3571 records)...
2025-10-27 11:10:13,450 - INFO - Loading Fact_WorkoutSession (457 records)...
2025-10-27 11:10:13,461 - INFO - Loading Fact_HealthMetric (676 records)...
2025-10-27 11:10:13,473 - INFO - Loading Fact_NutritionLog (139 records)...
2025-10-27 11:10:13,479 - INFO - Data Warehouse loading complete.
2025-10-27 11:10:13,479 - INFO - Performing data quality validation...
2025-10-27 11:10:13,480 - INFO - Dim_User: 3571 records
2025-10-27 11:10:13,480 - INFO - Fact_UserSnapshot: 3571 records
2025-10-27 11:10:13,480 - INFO - Fact_WorkoutSession: 457 records
2025-10-27 11:10:13,480 - INFO - Fact_HealthMetric: 676 records
2025-10-27 11:10:13,481 - INFO - Fact_NutritionLog: 139 records
2025-10-27 11:10:13,481 - INFO - Bridge_User_HealthCondition: 21 records
2025-10-27 11:10:13,481 - INFO - Generating summary report...
2025-10-27 11:10:13,481 - INFO - Summary report saved to output/etl_report_20251027_111013.json
2025-10-27 11:10:13,481 - INFO - Data Warehouse ETL pipeline completed successfully.
